#
# A fatal error has been detected by the Java Runtime Environment:
#
#  EXCEPTION_ACCESS_VIOLATION (0xc0000005) at pc=0x0000000060cba406, pid=1032, tid=4848
#
# JRE version: Java(TM) SE Runtime Environment (8.0_91-b15) (build 1.8.0_91-b15)
# Java VM: Java HotSpot(TM) 64-Bit Server VM (25.91-b15 mixed mode windows-amd64 compressed oops)
# Problematic frame:
# C  [zip.dll+0xa406]
#
# Failed to write core dump. Minidumps are not enabled by default on client versions of Windows
#
# If you would like to submit a bug report, please visit:
#   http://bugreport.java.com/bugreport/crash.jsp
# The crash happened outside the Java Virtual Machine in native code.
# See problematic frame for where to report the bug.
#

---------------  T H R E A D  ---------------

Current thread (0x0000000024042000):  JavaThread "restartedMain" [_thread_in_native, id=4848, stack(0x00000000009d0000,0x0000000000ad0000)]

siginfo: ExceptionCode=0xc0000005, reading address 0xfffffffdc13675c0

Registers:
RAX=0x000000001b69cc60, RBX=0x000000001b58ac90, RCX=0x0000000000000007, RDX=0x0000000000000014
RSP=0x0000000000acb0b0, RBP=0xfffffffdc13675c0, RSI=0x000000005ec97ead, RDI=0x0000000000000000
R8 =0x0000000000000000, R9 =0x0000000000acb130, R10=0x00000000da5c2fd7, R11=0x0000000000acb130
R12=0x0000000000acb130, R13=0x0000000000000011, R14=0x0000000000000011, R15=0x0000000024042001
RIP=0x0000000060cba406, EFLAGS=0x0000000000010286

Top of Stack: (sp=0x0000000000acb0b0)
0x0000000000acb0b0:   0000000000000000 0000000000000000
0x0000000000acb0c0:   000000007a665722 000000005ec24032
0x0000000000acb0d0:   0000000024042000 0000000000acb5d8
0x0000000000acb0e0:   0000000000000001 000000001b58ac90
0x0000000000acb0f0:   00000000240421f8 0000000060cb203b
0x0000000000acb100:   0000000000acb130 0000000000acb5b0
0x0000000000acb110:   0000000000000011 00000000240421f8
0x0000000000acb120:   0000000000acb130 0000000000000000
0x0000000000acb130:   692f63696c627570 6d74682e7865646e
0x0000000000acb140:   0000293d4100006c 0000000000bb6c20
0x0000000000acb150:   0000000024042000 0000000000000000
0x0000000000acb160:   0000000000000000 00007ff8982b3550
0x0000000000acb170:   0000000020c65430 0000000701c02250
0x0000000000acb180:   0000000024042000 0000000000000000
0x0000000000acb190:   0000000000000000 0000000000000000
0x0000000000acb1a0:   0000293d413da001 00007ff89829fb91 

Instructions: (pc=0x0000000060cba406)
0x0000000060cba3e6:   83 c4 20 41 5f 41 5e 41 5d 41 5c 5f c3 33 ff 41
0x0000000060cba3f6:   83 fa ff 74 60 49 63 ea 48 c1 e5 04 48 03 6b 58
0x0000000060cba406:   39 75 00 0f 85 a5 00 00 00 45 33 c0 48 8b d5 48
0x0000000060cba416:   8b cb e8 83 f6 ff ff 48 8b f8 48 85 c0 0f 84 89 


Register to memory mapping:

RAX=0x000000001b69cc60 is an unknown value
RBX=0x000000001b58ac90 is an unknown value
RCX=0x0000000000000007 is an unknown value
RDX=0x0000000000000014 is an unknown value
RSP=0x0000000000acb0b0 is pointing into the stack for thread: 0x0000000024042000
RBP=0xfffffffdc13675c0 is an unknown value
RSI=0x000000005ec97ead is an unknown value
RDI=0x0000000000000000 is an unknown value
R8 =0x0000000000000000 is an unknown value
R9 =0x0000000000acb130 is pointing into the stack for thread: 0x0000000024042000
R10=0x00000000da5c2fd7 is an unknown value
R11=0x0000000000acb130 is pointing into the stack for thread: 0x0000000024042000
R12=0x0000000000acb130 is pointing into the stack for thread: 0x0000000024042000
R13=0x0000000000000011 is an unknown value
R14=0x0000000000000011 is an unknown value
R15=0x0000000024042001 is an unknown value


Stack: [0x00000000009d0000,0x0000000000ad0000],  sp=0x0000000000acb0b0,  free space=1004k
Native frames: (J=compiled Java code, j=interpreted, Vv=VM code, C=native code)
C  [zip.dll+0xa406]
C  [zip.dll+0x203b]
C  0x0000000002b23398

Java frames: (J=compiled Java code, j=interpreted, Vv=VM code)
J 263  java.util.zip.ZipFile.getEntry(J[BZ)J (0 bytes) @ 0x0000000002b2331a [0x0000000002b232c0+0x5a]
J 397 C1 java.util.zip.ZipFile.getEntry(Ljava/lang/String;)Ljava/util/zip/ZipEntry; (86 bytes) @ 0x0000000002b5d914 [0x0000000002b5d7c0+0x154]
J 653 C1 java.util.jar.JarFile.getEntry(Ljava/lang/String;)Ljava/util/zip/ZipEntry; (22 bytes) @ 0x0000000002bcf3bc [0x0000000002bcf380+0x3c]
J 652 C1 sun.misc.URLClassPath$JarLoader.getResource(Ljava/lang/String;Z)Lsun/misc/Resource; (85 bytes) @ 0x0000000002bcd80c [0x0000000002bcd6e0+0x12c]
J 399 C1 sun.misc.URLClassPath$JarLoader.findResource(Ljava/lang/String;Z)Ljava/net/URL; (18 bytes) @ 0x0000000002b5fbf4 [0x0000000002b5fbc0+0x34]
J 1450 C1 sun.misc.URLClassPath.findResource(Ljava/lang/String;Z)Ljava/net/URL; (47 bytes) @ 0x0000000002cecf7c [0x0000000002cecf00+0x7c]
J 2048 C1 java.net.URLClassLoader$2.run()Ljava/lang/Object; (5 bytes) @ 0x0000000002dd461c [0x0000000002dd45c0+0x5c]
v  ~StubRoutines::call_stub
J 1451  java.security.AccessController.doPrivileged(Ljava/security/PrivilegedAction;Ljava/security/AccessControlContext;)Ljava/lang/Object; (0 bytes) @ 0x0000000002cecba6 [0x0000000002cecb40+0x66]
J 1488 C1 java.net.URLClassLoader.findResource(Ljava/lang/String;)Ljava/net/URL; (37 bytes) @ 0x0000000002cfc3fc [0x0000000002cfc340+0xbc]
J 2047 C1 java.lang.ClassLoader.getResource(Ljava/lang/String;)Ljava/net/URL; (36 bytes) @ 0x0000000002dd420c [0x0000000002dd4120+0xec]
J 2393 C1 org.springframework.boot.devtools.restart.classloader.RestartClassLoader.getResource(Ljava/lang/String;)Ljava/net/URL; (48 bytes) @ 0x0000000002e69b44 [0x0000000002e698e0+0x264]
J 8517 C1 org.springframework.core.io.ClassPathResource.resolveURL()Ljava/net/URL; (46 bytes) @ 0x00000000038d73cc [0x00000000038d71c0+0x20c]
j  org.springframework.core.io.ClassPathResource.exists()Z+1
j  org.springframework.boot.autoconfigure.web.servlet.WebMvcAutoConfiguration$EnableWebMvcConfiguration.isReadable(Lorg/springframework/core/io/Resource;)Z+1
j  org.springframework.boot.autoconfigure.web.servlet.WebMvcAutoConfiguration$EnableWebMvcConfiguration$$Lambda$846.test(Ljava/lang/Object;)Z+8
J 1819 C1 java.util.stream.ReferencePipeline$2$1.accept(Ljava/lang/Object;)V (27 bytes) @ 0x0000000002d74fdc [0x0000000002d74f80+0x5c]
J 2466 C1 java.util.stream.ReferencePipeline$3$1.accept(Ljava/lang/Object;)V (23 bytes) @ 0x0000000002e84df4 [0x0000000002e84d80+0x74]
J 5092 C1 java.util.Spliterators$ArraySpliterator.tryAdvance(Ljava/util/function/Consumer;)Z (58 bytes) @ 0x000000000333bb5c [0x000000000333bac0+0x9c]
J 5096 C1 java.util.stream.ReferencePipeline.forEachWithCancel(Ljava/util/Spliterator;Ljava/util/stream/Sink;)V (20 bytes) @ 0x000000000333d61c [0x000000000333d5c0+0x5c]
J 1549 C1 java.util.stream.AbstractPipeline.copyIntoWithCancel(Ljava/util/stream/Sink;Ljava/util/Spliterator;)V (42 bytes) @ 0x0000000002d1148c [0x0000000002d113e0+0xac]
J 1328 C1 java.util.stream.AbstractPipeline.copyInto(Ljava/util/stream/Sink;Ljava/util/Spliterator;)V (53 bytes) @ 0x0000000002cb6f7c [0x0000000002cb6e80+0xfc]
J 1326 C1 java.util.stream.AbstractPipeline.wrapAndCopyInto(Ljava/util/stream/Sink;Ljava/util/Spliterator;)Ljava/util/stream/Sink; (18 bytes) @ 0x0000000002cb69f4 [0x0000000002cb6980+0x74]
J 5155 C1 java.util.stream.FindOps$FindOp.evaluateSequential(Ljava/util/stream/PipelineHelper;Ljava/util/Spliterator;)Ljava/lang/Object; (39 bytes) @ 0x0000000003350cdc [0x0000000003350c20+0xbc]
J 1324 C1 java.util.stream.AbstractPipeline.evaluate(Ljava/util/stream/TerminalOp;)Ljava/lang/Object; (94 bytes) @ 0x0000000002cb5834 [0x0000000002cb5740+0xf4]
J 5139 C1 java.util.stream.ReferencePipeline.findFirst()Ljava/util/Optional; (12 bytes) @ 0x000000000334b454 [0x000000000334b380+0xd4]
j  org.springframework.boot.autoconfigure.web.servlet.WebMvcAutoConfiguration$EnableWebMvcConfiguration.getWelcomePage()Ljava/util/Optional;+37
j  org.springframework.boot.autoconfigure.web.servlet.WebMvcAutoConfiguration$EnableWebMvcConfiguration.welcomePageHandlerMapping(Lorg/springframework/context/ApplicationContext;Lorg/springframework/format/support/FormattingConversionService;Lorg/springframework/web/servlet/resource/ResourceUrlProvider;)Lorg/springframework/boot/autoconfigure/web/servlet/WelcomePageHandlerMapping;+14
v  ~StubRoutines::call_stub
J 1955  sun.reflect.NativeMethodAccessorImpl.invoke0(Ljava/lang/reflect/Method;Ljava/lang/Object;[Ljava/lang/Object;)Ljava/lang/Object; (0 bytes) @ 0x0000000002da50ff [0x0000000002da5080+0x7f]
J 1953 C1 sun.reflect.NativeMethodAccessorImpl.invoke(Ljava/lang/Object;[Ljava/lang/Object;)Ljava/lang/Object; (104 bytes) @ 0x0000000002da58a4 [0x0000000002da54e0+0x3c4]
J 2001 C1 sun.reflect.DelegatingMethodAccessorImpl.invoke(Ljava/lang/Object;[Ljava/lang/Object;)Ljava/lang/Object; (10 bytes) @ 0x0000000002dbc024 [0x0000000002dbbfe0+0x44]
J 2000 C1 java.lang.reflect.Method.invoke(Ljava/lang/Object;[Ljava/lang/Object;)Ljava/lang/Object; (62 bytes) @ 0x0000000002dbbc24 [0x0000000002dbbb20+0x104]
j  org.springframework.beans.factory.support.SimpleInstantiationStrategy.instantiate(Lorg/springframework/beans/factory/support/RootBeanDefinition;Ljava/lang/String;Lorg/springframework/beans/factory/BeanFactory;Ljava/lang/Object;Ljava/lang/reflect/Method;[Ljava/lang/Object;)Ljava/lang/Object;+50
J 9246 C1 org.springframework.beans.factory.support.ConstructorResolver.instantiate(Ljava/lang/String;Lorg/springframework/beans/factory/support/RootBeanDefinition;Ljava/lang/Object;Ljava/lang/reflect/Method;[Ljava/lang/Object;)Ljava/lang/Object; (73 bytes) @ 0x0000000003a4fd94 [0x0000000003a4fb80+0x214]
J 9245 C1 org.springframework.beans.factory.support.ConstructorResolver.instantiateUsingFactoryMethod(Ljava/lang/String;Lorg/springframework/beans/factory/support/RootBeanDefinition;[Ljava/lang/Object;)Lorg/springframework/beans/BeanWrapper; (1528 bytes) @ 0x0000000003a46c44 [0x0000000003a44180+0x2ac4]
J 5717 C1 org.springframework.beans.factory.support.AbstractAutowireCapableBeanFactory.createBeanInstance(Ljava/lang/String;Lorg/springframework/beans/factory/support/RootBeanDefinition;[Ljava/lang/Object;)Lorg/springframework/beans/BeanWrapper; (253 bytes) @ 0x000000000342a70c [0x0000000003429e80+0x88c]
J 5393 C1 org.springframework.beans.factory.support.AbstractAutowireCapableBeanFactory.doCreateBean(Ljava/lang/String;Lorg/springframework/beans/factory/support/RootBeanDefinition;[Ljava/lang/Object;)Ljava/lang/Object; (507 bytes) @ 0x00000000033b0284 [0x00000000033b0100+0x184]
J 5392 C1 org.springframework.beans.factory.support.AbstractAutowireCapableBeanFactory.createBean(Ljava/lang/String;Lorg/springframework/beans/factory/support/RootBeanDefinition;[Ljava/lang/Object;)Ljava/lang/Object; (247 bytes) @ 0x00000000033ae07c [0x00000000033adaa0+0x5dc]
J 5408 C1 org.springframework.beans.factory.support.AbstractBeanFactory$$Lambda$178.getObject()Ljava/lang/Object; (20 bytes) @ 0x00000000033be3ec [0x00000000033be380+0x6c]
J 5404 C1 org.springframework.beans.factory.support.DefaultSingletonBeanRegistry.getSingleton(Ljava/lang/String;Lorg/springframework/beans/factory/ObjectFactory;)Ljava/lang/Object; (297 bytes) @ 0x00000000033b7ce4 [0x00000000033b7800+0x4e4]
J 2821 C1 org.springframework.beans.factory.support.AbstractBeanFactory.doGetBean(Ljava/lang/String;Ljava/lang/Class;[Ljava/lang/Object;Z)Ljava/lang/Object; (833 bytes) @ 0x0000000002f2ccac [0x0000000002f2c780+0x52c]
J 5224 C1 org.springframework.beans.factory.support.AbstractBeanFactory.getBean(Ljava/lang/String;)Ljava/lang/Object; (9 bytes) @ 0x0000000003367a8c [0x0000000003367a40+0x4c]
j  org.springframework.beans.factory.support.DefaultListableBeanFactory.preInstantiateSingletons()V+248
j  org.springframework.context.support.AbstractApplicationContext.finishBeanFactoryInitialization(Lorg/springframework/beans/factory/config/ConfigurableListableBeanFactory;)V+124
j  org.springframework.context.support.AbstractApplicationContext.refresh()V+54
j  org.springframework.boot.web.servlet.context.ServletWebServerApplicationContext.refresh()V+1
j  org.springframework.boot.SpringApplication.refresh(Lorg/springframework/context/ApplicationContext;)V+10
j  org.springframework.boot.SpringApplication.refreshContext(Lorg/springframework/context/ConfigurableApplicationContext;)V+2
j  org.springframework.boot.SpringApplication.run([Ljava/lang/String;)Lorg/springframework/context/ConfigurableApplicationContext;+118
j  org.springframework.boot.SpringApplication.run([Ljava/lang/Class;[Ljava/lang/String;)Lorg/springframework/context/ConfigurableApplicationContext;+9
j  org.springframework.boot.SpringApplication.run(Ljava/lang/Class;[Ljava/lang/String;)Lorg/springframework/context/ConfigurableApplicationContext;+9
j  com.jdasilva.socialweb.reclamaciones.SocialwebReclamacionesApplication.main([Ljava/lang/String;)V+3
v  ~StubRoutines::call_stub
J 1955  sun.reflect.NativeMethodAccessorImpl.invoke0(Ljava/lang/reflect/Method;Ljava/lang/Object;[Ljava/lang/Object;)Ljava/lang/Object; (0 bytes) @ 0x0000000002da50ff [0x0000000002da5080+0x7f]
J 1953 C1 sun.reflect.NativeMethodAccessorImpl.invoke(Ljava/lang/Object;[Ljava/lang/Object;)Ljava/lang/Object; (104 bytes) @ 0x0000000002da58a4 [0x0000000002da54e0+0x3c4]
J 2001 C1 sun.reflect.DelegatingMethodAccessorImpl.invoke(Ljava/lang/Object;[Ljava/lang/Object;)Ljava/lang/Object; (10 bytes) @ 0x0000000002dbc024 [0x0000000002dbbfe0+0x44]
J 2000 C1 java.lang.reflect.Method.invoke(Ljava/lang/Object;[Ljava/lang/Object;)Ljava/lang/Object; (62 bytes) @ 0x0000000002dbbc24 [0x0000000002dbbb20+0x104]
j  org.springframework.boot.devtools.restart.RestartLauncher.run()V+41
v  ~StubRoutines::call_stub

---------------  P R O C E S S  ---------------

Java Threads: ( => current thread )
  0x0000000024041000 JavaThread "HikariPool-2 housekeeper" daemon [_thread_blocked, id=68, stack(0x000000001ed30000,0x000000001ee30000)]
  0x0000000024043000 JavaThread "container-0" [_thread_blocked, id=15988, stack(0x000000001e130000,0x000000001e230000)]
  0x0000000024044800 JavaThread "Catalina-utility-2" [_thread_blocked, id=3428, stack(0x00000000026c0000,0x00000000027c0000)]
  0x0000000024046000 JavaThread "Catalina-utility-1" [_thread_blocked, id=8828, stack(0x0000000000bf0000,0x0000000000cf0000)]
=>0x0000000024042000 JavaThread "restartedMain" [_thread_in_native, id=4848, stack(0x00000000009d0000,0x0000000000ad0000)]
  0x0000000024040800 JavaThread "Thread-3" [_thread_blocked, id=16440, stack(0x000000001cb60000,0x000000001cc60000)]
  0x0000000024045000 JavaThread "RMI TCP Connection(idle)" daemon [_thread_blocked, id=13836, stack(0x000000001ec30000,0x000000001ed30000)]
  0x0000000024046800 JavaThread "RMI TCP Connection(171)-127.0.0.1" daemon [_thread_in_native, id=15792, stack(0x000000001df30000,0x000000001e030000)]
  0x0000000024048000 JavaThread "JMX server connection timeout 107" daemon [_thread_blocked, id=17388, stack(0x000000001de30000,0x000000001df30000)]
  0x0000000024047800 JavaThread "JMX server connection timeout 84" daemon [_thread_blocked, id=17156, stack(0x000000001e030000,0x000000001e130000)]
  0x0000000024043800 JavaThread "DestroyJavaVM" [_thread_blocked, id=11812, stack(0x00000000027c0000,0x00000000028c0000)]
  0x000000001cd81800 JavaThread "mysql-cj-abandoned-connection-cleanup" daemon [_thread_blocked, id=6684, stack(0x0000000021000000,0x0000000021100000)]
  0x000000001cc70800 JavaThread "RMI Scheduler(0)" daemon [_thread_blocked, id=4804, stack(0x000000001dc30000,0x000000001dd30000)]
  0x000000001c16e000 JavaThread "RMI TCP Accept-0" daemon [_thread_in_native, id=12716, stack(0x000000001c5f0000,0x000000001c6f0000)]
  0x000000001c157000 JavaThread "RMI TCP Accept-51384" daemon [_thread_in_native, id=11104, stack(0x000000001c4f0000,0x000000001c5f0000)]
  0x000000001c150000 JavaThread "RMI TCP Accept-0" daemon [_thread_in_native, id=10308, stack(0x000000001c3f0000,0x000000001c4f0000)]
  0x000000001b3f0800 JavaThread "Service Thread" daemon [_thread_blocked, id=7300, stack(0x000000001b7b0000,0x000000001b8b0000)]
  0x0000000019a5b800 JavaThread "C1 CompilerThread2" daemon [_thread_blocked, id=3128, stack(0x000000001b2b0000,0x000000001b3b0000)]
  0x0000000019a57000 JavaThread "C2 CompilerThread1" daemon [_thread_blocked, id=7756, stack(0x000000001b1b0000,0x000000001b2b0000)]
  0x0000000019a43000 JavaThread "C2 CompilerThread0" daemon [_thread_blocked, id=11820, stack(0x000000001b0b0000,0x000000001b1b0000)]
  0x0000000019a55800 JavaThread "Attach Listener" daemon [_thread_blocked, id=10632, stack(0x000000001afb0000,0x000000001b0b0000)]
  0x0000000019a54000 JavaThread "Signal Dispatcher" daemon [_thread_blocked, id=316, stack(0x000000001aeb0000,0x000000001afb0000)]
  0x00000000029be000 JavaThread "Finalizer" daemon [_thread_blocked, id=13288, stack(0x000000001ac90000,0x000000001ad90000)]
  0x0000000019a09000 JavaThread "Reference Handler" daemon [_thread_blocked, id=8736, stack(0x000000001ab90000,0x000000001ac90000)]

Other Threads:
  0x0000000019a07800 VMThread [stack: 0x000000001aa90000,0x000000001ab90000] [id=12564]
  0x000000001c16f000 WatcherThread [stack: 0x000000001c6f0000,0x000000001c7f0000] [id=1332]

VM state:not at safepoint (normal execution)

VM Mutex/Monitor currently owned by a thread: None

Heap:
 PSYoungGen      total 51712K, used 13941K [0x0000000780980000, 0x0000000784800000, 0x00000007c0000000)
  eden space 47616K, 20% used [0x0000000780980000,0x000000078131fd50,0x0000000783800000)
  from space 4096K, 99% used [0x0000000783800000,0x0000000783bfd820,0x0000000783c00000)
  to   space 5632K, 0% used [0x0000000784280000,0x0000000784280000,0x0000000784800000)
 ParOldGen       total 184320K, used 33009K [0x0000000701c00000, 0x000000070d000000, 0x0000000780980000)
  object space 184320K, 17% used [0x0000000701c00000,0x0000000703c3c7d0,0x000000070d000000)
 Metaspace       used 66733K, capacity 70650K, committed 70872K, reserved 1110016K
  class space    used 9488K, capacity 10159K, committed 10240K, reserved 1048576K

Card table byte_map: [0x0000000011d80000,0x0000000012380000] byte_map_base: 0x000000000e572000

Marking Bits: (ParMarkBitMap*) 0x000000005f2f2f70
 Begin Bits: [0x0000000012b80000, 0x0000000015b10000)
 End Bits:   [0x0000000015b10000, 0x0000000018aa0000)

Polling page: 0x0000000000d50000

CodeCache: size=245760Kb used=17011Kb max_used=17011Kb free=228748Kb
 bounds [0x00000000029c0000, 0x0000000003a70000, 0x00000000119c0000]
 total_blobs=9755 nmethods=9148 adapters=518
 compilation: enabled

Compilation events (10 events):
Event: 19937.797 Thread 0x0000000019a5b800 9271       1       org.springframework.context.expression.StandardBeanExpressionResolver$1::getExpressionSuffix (8 bytes)
Event: 19937.798 Thread 0x0000000019a5b800 nmethod 9271 0x0000000003a5ead0 code [0x0000000003a5ec20, 0x0000000003a5ed30]
Event: 19937.798 Thread 0x0000000019a5b800 9272       1       org.springframework.expression.common.LiteralExpression::<init> (10 bytes)
Event: 19937.798 Thread 0x0000000019a5b800 nmethod 9272 0x0000000003a5edd0 code [0x0000000003a5ef20, 0x0000000003a5f050]
Event: 19937.798 Thread 0x0000000019a5b800 9273       1       java.util.AbstractSet::hashCode (39 bytes)
Event: 19937.798 Thread 0x0000000019a5b800 nmethod 9273 0x0000000003a5f0d0 code [0x0000000003a5f260, 0x0000000003a5f458]
Event: 19937.799 Thread 0x0000000019a5b800 9274       1       org.springframework.context.support.ApplicationObjectSupport::getApplicationContext (51 bytes)
Event: 19937.800 Thread 0x0000000019a5b800 nmethod 9274 0x0000000003a5f550 code [0x0000000003a5f720, 0x0000000003a5fb68]
Event: 19937.801 Thread 0x0000000019a5b800 9275       1       org.springframework.web.method.HandlerMethod::access$000 (5 bytes)
Event: 19937.801 Thread 0x0000000019a5b800 nmethod 9275 0x0000000003a5fe10 code [0x0000000003a5ff60, 0x0000000003a60050]

GC Heap History (10 events):
Event: 19907.776 GC heap before
{Heap before GC invocations=169 (full 4):
 PSYoungGen      total 44544K, used 44032K [0x0000000780980000, 0x0000000783880000, 0x00000007c0000000)
  eden space 44032K, 100% used [0x0000000780980000,0x0000000783480000,0x0000000783480000)
  from space 512K, 0% used [0x0000000783800000,0x0000000783800000,0x0000000783880000)
  to   space 1024K, 0% used [0x0000000783680000,0x0000000783680000,0x0000000783780000)
 ParOldGen       total 184320K, used 26202K [0x0000000701c00000, 0x000000070d000000, 0x0000000780980000)
  object space 184320K, 14% used [0x0000000701c00000,0x0000000703596a80,0x000000070d000000)
 Metaspace       used 66017K, capacity 69532K, committed 70232K, reserved 1110016K
  class space    used 9385K, capacity 10001K, committed 10112K, reserved 1048576K
Event: 19907.787 GC heap after
Heap after GC invocations=169 (full 4):
 PSYoungGen      total 45568K, used 1024K [0x0000000780980000, 0x0000000783880000, 0x00000007c0000000)
  eden space 44544K, 0% used [0x0000000780980000,0x0000000780980000,0x0000000783500000)
  from space 1024K, 100% used [0x0000000783680000,0x0000000783780000,0x0000000783780000)
  to   space 1024K, 0% used [0x0000000783780000,0x0000000783780000,0x0000000783880000)
 ParOldGen       total 184320K, used 27281K [0x0000000701c00000, 0x000000070d000000, 0x0000000780980000)
  object space 184320K, 14% used [0x0000000701c00000,0x00000007036a4750,0x000000070d000000)
 Metaspace       used 66017K, capacity 69532K, committed 70232K, reserved 1110016K
  class space    used 9385K, capacity 10001K, committed 10112K, reserved 1048576K
}
Event: 19908.331 GC heap before
{Heap before GC invocations=170 (full 4):
 PSYoungGen      total 45568K, used 45568K [0x0000000780980000, 0x0000000783880000, 0x00000007c0000000)
  eden space 44544K, 100% used [0x0000000780980000,0x0000000783500000,0x0000000783500000)
  from space 1024K, 100% used [0x0000000783680000,0x0000000783780000,0x0000000783780000)
  to   space 1024K, 0% used [0x0000000783780000,0x0000000783780000,0x0000000783880000)
 ParOldGen       total 184320K, used 27281K [0x0000000701c00000, 0x000000070d000000, 0x0000000780980000)
  object space 184320K, 14% used [0x0000000701c00000,0x00000007036a4750,0x000000070d000000)
 Metaspace       used 66133K, capacity 69700K, committed 70360K, reserved 1110016K
  class space    used 9414K, capacity 10050K, committed 10240K, reserved 1048576K
Event: 19908.342 GC heap after
Heap after GC invocations=170 (full 4):
 PSYoungGen      total 45568K, used 1024K [0x0000000780980000, 0x0000000783d00000, 0x00000007c0000000)
  eden space 44544K, 0% used [0x0000000780980000,0x0000000780980000,0x0000000783500000)
  from space 1024K, 100% used [0x0000000783780000,0x0000000783880000,0x0000000783880000)
  to   space 2560K, 0% used [0x0000000783500000,0x0000000783500000,0x0000000783780000)
 ParOldGen       total 184320K, used 29659K [0x0000000701c00000, 0x000000070d000000, 0x0000000780980000)
  object space 184320K, 16% used [0x0000000701c00000,0x00000007038f6d70,0x000000070d000000)
 Metaspace       used 66133K, capacity 69700K, committed 70360K, reserved 1110016K
  class space    used 9414K, capacity 10050K, committed 10240K, reserved 1048576K
}
Event: 19908.983 GC heap before
{Heap before GC invocations=171 (full 4):
 PSYoungGen      total 45568K, used 45568K [0x0000000780980000, 0x0000000783d00000, 0x00000007c0000000)
  eden space 44544K, 100% used [0x0000000780980000,0x0000000783500000,0x0000000783500000)
  from space 1024K, 100% used [0x0000000783780000,0x0000000783880000,0x0000000783880000)
  to   space 2560K, 0% used [0x0000000783500000,0x0000000783500000,0x0000000783780000)
 ParOldGen       total 184320K, used 29659K [0x0000000701c00000, 0x000000070d000000, 0x0000000780980000)
  object space 184320K, 16% used [0x0000000701c00000,0x00000007038f6d70,0x000000070d000000)
 Metaspace       used 66241K, capacity 69920K, committed 70360K, reserved 1110016K
  class space    used 9432K, capacity 10076K, committed 10240K, reserved 1048576K
Event: 19908.993 GC heap after
Heap after GC invocations=171 (full 4):
 PSYoungGen      total 47104K, used 2547K [0x0000000780980000, 0x0000000783f80000, 0x00000007c0000000)
  eden space 44544K, 0% used [0x0000000780980000,0x0000000780980000,0x0000000783500000)
  from space 2560K, 99% used [0x0000000783500000,0x000000078377ce08,0x0000000783780000)
  to   space 3584K, 0% used [0x0000000783c00000,0x0000000783c00000,0x0000000783f80000)
 ParOldGen       total 184320K, used 31021K [0x0000000701c00000, 0x000000070d000000, 0x0000000780980000)
  object space 184320K, 16% used [0x0000000701c00000,0x0000000703a4b540,0x000000070d000000)
 Metaspace       used 66241K, capacity 69920K, committed 70360K, reserved 1110016K
  class space    used 9432K, capacity 10076K, committed 10240K, reserved 1048576K
}
Event: 19909.162 GC heap before
{Heap before GC invocations=172 (full 4):
 PSYoungGen      total 47104K, used 47091K [0x0000000780980000, 0x0000000783f80000, 0x00000007c0000000)
  eden space 44544K, 100% used [0x0000000780980000,0x0000000783500000,0x0000000783500000)
  from space 2560K, 99% used [0x0000000783500000,0x000000078377ce08,0x0000000783780000)
  to   space 3584K, 0% used [0x0000000783c00000,0x0000000783c00000,0x0000000783f80000)
 ParOldGen       total 184320K, used 31021K [0x0000000701c00000, 0x000000070d000000, 0x0000000780980000)
  object space 184320K, 16% used [0x0000000701c00000,0x0000000703a4b540,0x000000070d000000)
 Metaspace       used 66241K, capacity 69920K, committed 70360K, reserved 1110016K
  class space    used 9432K, capacity 10076K, committed 10240K, reserved 1048576K
Event: 19909.170 GC heap after
Heap after GC invocations=172 (full 4):
 PSYoungGen      total 51200K, used 3291K [0x0000000780980000, 0x0000000784280000, 0x00000007c0000000)
  eden space 47616K, 0% used [0x0000000780980000,0x0000000780980000,0x0000000783800000)
  from space 3584K, 91% used [0x0000000783c00000,0x0000000783f36e00,0x0000000783f80000)
  to   space 4096K, 0% used [0x0000000783800000,0x0000000783800000,0x0000000783c00000)
 ParOldGen       total 184320K, used 31029K [0x0000000701c00000, 0x000000070d000000, 0x0000000780980000)
  object space 184320K, 16% used [0x0000000701c00000,0x0000000703a4d540,0x000000070d000000)
 Metaspace       used 66241K, capacity 69920K, committed 70360K, reserved 1110016K
  class space    used 9432K, capacity 10076K, committed 10240K, reserved 1048576K
}
Event: 19937.649 GC heap before
{Heap before GC invocations=173 (full 4):
 PSYoungGen      total 51200K, used 50907K [0x0000000780980000, 0x0000000784280000, 0x00000007c0000000)
  eden space 47616K, 100% used [0x0000000780980000,0x0000000783800000,0x0000000783800000)
  from space 3584K, 91% used [0x0000000783c00000,0x0000000783f36e00,0x0000000783f80000)
  to   space 4096K, 0% used [0x0000000783800000,0x0000000783800000,0x0000000783c00000)
 ParOldGen       total 184320K, used 31029K [0x0000000701c00000, 0x000000070d000000, 0x0000000780980000)
  object space 184320K, 16% used [0x0000000701c00000,0x0000000703a4d540,0x000000070d000000)
 Metaspace       used 66700K, capacity 70554K, committed 70872K, reserved 1110016K
  class space    used 9479K, capacity 10143K, committed 10240K, reserved 1048576K
Event: 19937.661 GC heap after
Heap after GC invocations=173 (full 4):
 PSYoungGen      total 51712K, used 4086K [0x0000000780980000, 0x0000000784800000, 0x00000007c0000000)
  eden space 47616K, 0% used [0x0000000780980000,0x0000000780980000,0x0000000783800000)
  from space 4096K, 99% used [0x0000000783800000,0x0000000783bfd820,0x0000000783c00000)
  to   space 5632K, 0% used [0x0000000784280000,0x0000000784280000,0x0000000784800000)
 ParOldGen       total 184320K, used 33009K [0x0000000701c00000, 0x000000070d000000, 0x0000000780980000)
  object space 184320K, 17% used [0x0000000701c00000,0x0000000703c3c7d0,0x000000070d000000)
 Metaspace       used 66700K, capacity 70554K, committed 70872K, reserved 1110016K
  class space    used 9479K, capacity 10143K, committed 10240K, reserved 1048576K
}

Deoptimization events (0 events):
No events

Internal exceptions (10 events):
Event: 19937.757 Thread 0x0000000024042000 Exception <a 'java/lang/ArrayIndexOutOfBoundsException'> (0x0000000780ec5940) thrown at [C:\re\workspace\8-2-build-windows-amd64-cygwin\jdk8u91\7017\hotspot\src\share\vm\runtime\sharedRuntime.cpp, line 605]
Event: 19937.757 Thread 0x0000000024042000 Exception <a 'java/lang/ArrayIndexOutOfBoundsException'> (0x0000000780ec7e58) thrown at [C:\re\workspace\8-2-build-windows-amd64-cygwin\jdk8u91\7017\hotspot\src\share\vm\runtime\sharedRuntime.cpp, line 605]
Event: 19937.790 Thread 0x0000000024042000 Exception <a 'java/lang/ArrayIndexOutOfBoundsException'> (0x000000078120afe0) thrown at [C:\re\workspace\8-2-build-windows-amd64-cygwin\jdk8u91\7017\hotspot\src\share\vm\runtime\sharedRuntime.cpp, line 605]
Event: 19937.791 Thread 0x0000000024042000 Exception <a 'java/lang/ArrayIndexOutOfBoundsException'> (0x00000007812117b0) thrown at [C:\re\workspace\8-2-build-windows-amd64-cygwin\jdk8u91\7017\hotspot\src\share\vm\runtime\sharedRuntime.cpp, line 605]
Event: 19937.791 Thread 0x0000000024042000 Exception <a 'java/lang/ArrayIndexOutOfBoundsException'> (0x0000000781214310) thrown at [C:\re\workspace\8-2-build-windows-amd64-cygwin\jdk8u91\7017\hotspot\src\share\vm\runtime\sharedRuntime.cpp, line 605]
Event: 19937.791 Thread 0x0000000024042000 Exception <a 'java/lang/ArrayIndexOutOfBoundsException'> (0x00000007812170c8) thrown at [C:\re\workspace\8-2-build-windows-amd64-cygwin\jdk8u91\7017\hotspot\src\share\vm\runtime\sharedRuntime.cpp, line 605]
Event: 19937.791 Thread 0x0000000024042000 Exception <a 'java/lang/ArrayIndexOutOfBoundsException'> (0x000000078121a288) thrown at [C:\re\workspace\8-2-build-windows-amd64-cygwin\jdk8u91\7017\hotspot\src\share\vm\runtime\sharedRuntime.cpp, line 605]
Event: 19937.792 Thread 0x0000000024042000 Exception <a 'java/lang/ArrayIndexOutOfBoundsException'> (0x000000078121c0b0) thrown at [C:\re\workspace\8-2-build-windows-amd64-cygwin\jdk8u91\7017\hotspot\src\share\vm\runtime\sharedRuntime.cpp, line 605]
Event: 19937.792 Thread 0x0000000024042000 Exception <a 'java/lang/ArrayIndexOutOfBoundsException'> (0x000000078121d008) thrown at [C:\re\workspace\8-2-build-windows-amd64-cygwin\jdk8u91\7017\hotspot\src\share\vm\runtime\sharedRuntime.cpp, line 605]
Event: 19937.792 Thread 0x0000000024042000 Exception <a 'java/lang/ArrayIndexOutOfBoundsException'> (0x000000078121e0a8) thrown at [C:\re\workspace\8-2-build-windows-amd64-cygwin\jdk8u91\7017\hotspot\src\share\vm\runtime\sharedRuntime.cpp, line 605]

Events (10 events):
Event: 19937.766 loading class com/fasterxml/jackson/datatype/joda$JodaModule
Event: 19937.766 loading class com/fasterxml/jackson/datatype/joda$JodaModule done
Event: 19937.768 loading class com/jayway/jsonpath/DocumentContext
Event: 19937.768 loading class com/jayway/jsonpath/DocumentContext done
Event: 19937.768 loading class com/jayway/jsonpath$DocumentContext
Event: 19937.768 loading class com/jayway/jsonpath$DocumentContext done
Event: 19937.769 loading class org/xmlbeam/XBProjector
Event: 19937.769 loading class org/xmlbeam/XBProjector done
Event: 19937.769 loading class org/xmlbeam$XBProjector
Event: 19937.769 loading class org/xmlbeam$XBProjector done


Dynamic libraries:
0x00007ff6647b0000 - 0x00007ff6647e7000 	C:\Program Files\Java\jdk1.8.0_91\bin\javaw.exe
0x00007ff898260000 - 0x00007ff898450000 	C:\WINDOWS\SYSTEM32\ntdll.dll
0x00007ff898010000 - 0x00007ff8980c2000 	C:\WINDOWS\System32\KERNEL32.DLL
0x00007ff895b70000 - 0x00007ff895e14000 	C:\WINDOWS\System32\KERNELBASE.dll
0x00007ff896370000 - 0x00007ff896413000 	C:\WINDOWS\System32\ADVAPI32.dll
0x00007ff8965e0000 - 0x00007ff89667e000 	C:\WINDOWS\System32\msvcrt.dll
0x00007ff896ea0000 - 0x00007ff896f37000 	C:\WINDOWS\System32\sechost.dll
0x00007ff898100000 - 0x00007ff898220000 	C:\WINDOWS\System32\RPCRT4.dll
0x00007ff897da0000 - 0x00007ff897f34000 	C:\WINDOWS\System32\USER32.dll
0x00007ff895290000 - 0x00007ff8952b1000 	C:\WINDOWS\System32\win32u.dll
0x00007ff8980d0000 - 0x00007ff8980f6000 	C:\WINDOWS\System32\GDI32.dll
0x00007ff895ff0000 - 0x00007ff896184000 	C:\WINDOWS\System32\gdi32full.dll
0x00007ff8951f0000 - 0x00007ff89528e000 	C:\WINDOWS\System32\msvcp_win.dll
0x00007ff8961b0000 - 0x00007ff8962aa000 	C:\WINDOWS\System32\ucrtbase.dll
0x00007ff8940f0000 - 0x00007ff894374000 	C:\WINDOWS\WinSxS\amd64_microsoft.windows.common-controls_6595b64144ccf1df_6.0.18362.836_none_e6c4b943130f18ed\COMCTL32.dll
0x00007ff897930000 - 0x00007ff897c66000 	C:\WINDOWS\System32\combase.dll
0x00007ff895370000 - 0x00007ff8953f0000 	C:\WINDOWS\System32\bcryptPrimitives.dll
0x00007ff896fb0000 - 0x00007ff896fde000 	C:\WINDOWS\System32\IMM32.DLL
0x00000000615b0000 - 0x0000000061682000 	C:\Program Files\Java\jdk1.8.0_91\jre\bin\msvcr100.dll
0x000000005eae0000 - 0x000000005f373000 	C:\Program Files\Java\jdk1.8.0_91\jre\bin\server\jvm.dll
0x00007ff897c70000 - 0x00007ff897c78000 	C:\WINDOWS\System32\PSAPI.DLL
0x00007ff880ce0000 - 0x00007ff880ce9000 	C:\WINDOWS\SYSTEM32\WSOCK32.dll
0x00007ff890fd0000 - 0x00007ff890ff4000 	C:\WINDOWS\SYSTEM32\WINMM.dll
0x00007ff897d00000 - 0x00007ff897d6f000 	C:\WINDOWS\System32\WS2_32.dll
0x00007ff893b90000 - 0x00007ff893b9a000 	C:\WINDOWS\SYSTEM32\VERSION.dll
0x00007ff890fa0000 - 0x00007ff890fcd000 	C:\WINDOWS\SYSTEM32\WINMMBASE.dll
0x00007ff895fa0000 - 0x00007ff895fea000 	C:\WINDOWS\System32\cfgmgr32.dll
0x00000000615a0000 - 0x00000000615af000 	C:\Program Files\Java\jdk1.8.0_91\jre\bin\verify.dll
0x0000000061570000 - 0x0000000061599000 	C:\Program Files\Java\jdk1.8.0_91\jre\bin\java.dll
0x0000000060cb0000 - 0x0000000060cc6000 	C:\Program Files\Java\jdk1.8.0_91\jre\bin\zip.dll
0x00007ff897090000 - 0x00007ff897774000 	C:\WINDOWS\System32\SHELL32.dll
0x00007ff896ca0000 - 0x00007ff896d49000 	C:\WINDOWS\System32\shcore.dll
0x00007ff8953f0000 - 0x00007ff895b6e000 	C:\WINDOWS\System32\windows.storage.dll
0x00007ff895130000 - 0x00007ff895153000 	C:\WINDOWS\System32\profapi.dll
0x00007ff895160000 - 0x00007ff8951aa000 	C:\WINDOWS\System32\powrprof.dll
0x00007ff895120000 - 0x00007ff895130000 	C:\WINDOWS\System32\UMPDC.dll
0x00007ff896680000 - 0x00007ff8966d2000 	C:\WINDOWS\System32\shlwapi.dll
0x00007ff8951b0000 - 0x00007ff8951c1000 	C:\WINDOWS\System32\kernel.appcore.dll
0x00007ff896190000 - 0x00007ff8961a7000 	C:\WINDOWS\System32\cryptsp.dll
0x0000000060ca0000 - 0x0000000060cad000 	C:\Program Files\Java\jdk1.8.0_91\jre\bin\management.dll
0x0000000060c80000 - 0x0000000060c9a000 	C:\Program Files\Java\jdk1.8.0_91\jre\bin\net.dll
0x00007ff894560000 - 0x00007ff8945c7000 	C:\WINDOWS\system32\mswsock.dll
0x0000000060c60000 - 0x0000000060c71000 	C:\Program Files\Java\jdk1.8.0_91\jre\bin\nio.dll
0x00007ff880500000 - 0x00007ff880516000 	C:\WINDOWS\system32\napinsp.dll
0x00007ff8804e0000 - 0x00007ff8804fa000 	C:\WINDOWS\system32\pnrpnsp.dll
0x00007ff894020000 - 0x00007ff8940eb000 	C:\WINDOWS\SYSTEM32\DNSAPI.dll
0x00007ff897d90000 - 0x00007ff897d98000 	C:\WINDOWS\System32\NSI.dll
0x00007ff893fe0000 - 0x00007ff89401a000 	C:\WINDOWS\SYSTEM32\IPHLPAPI.DLL
0x00007ff880340000 - 0x00007ff88034e000 	C:\WINDOWS\System32\winrnr.dll
0x00007ff890a40000 - 0x00007ff890a5c000 	C:\WINDOWS\system32\NLAapi.dll
0x00007ff88e3d0000 - 0x00007ff88e3e5000 	C:\WINDOWS\system32\wshbth.dll
0x00007ff888b50000 - 0x00007ff888b5a000 	C:\Windows\System32\rasadhlp.dll
0x00007ff888f10000 - 0x00007ff888f87000 	C:\WINDOWS\System32\fwpuclnt.dll
0x00007ff895f70000 - 0x00007ff895f96000 	C:\WINDOWS\System32\bcrypt.dll
0x00007ff893e40000 - 0x00007ff893e73000 	C:\WINDOWS\system32\rsaenh.dll
0x00007ff895040000 - 0x00007ff895065000 	C:\WINDOWS\SYSTEM32\USERENV.dll
0x00007ff894730000 - 0x00007ff89473c000 	C:\WINDOWS\SYSTEM32\CRYPTBASE.dll
0x00007ff889940000 - 0x00007ff889956000 	C:\WINDOWS\SYSTEM32\dhcpcsvc6.DLL
0x00007ff889900000 - 0x00007ff88991c000 	C:\WINDOWS\SYSTEM32\dhcpcsvc.DLL
0x0000000060c30000 - 0x0000000060c54000 	C:\Program Files\Java\jdk1.8.0_91\jre\bin\sunec.dll
0x00007ff894be0000 - 0x00007ff894dd4000 	C:\WINDOWS\SYSTEM32\dbghelp.dll

VM Arguments:
jvm_args: -Dcom.sun.management.jmxremote -Dcom.sun.management.jmxremote.port=51384 -Dcom.sun.management.jmxremote.authenticate=false -Dcom.sun.management.jmxremote.ssl=false -Djava.rmi.server.hostname=localhost -Dspring.jmx.enabled=true -Dspring.liveBeansView.mbeanDomain -Dspring.application.admin.enabled=true -Xverify:none -XX:TieredStopAtLevel=1 -Dfile.encoding=UTF-8 
java_command: com.jdasilva.socialweb.reclamaciones.SocialwebReclamacionesApplication
java_class_path (initial): C:\Users\JOSEMANUEL\eclipse_socialweb\socialweb-reclamaciones\target\classes;C:\Users\JOSEMANUEL\.m2\repository\org\springframework\boot\spring-boot-starter-thymeleaf\2.2.6.RELEASE\spring-boot-starter-thymeleaf-2.2.6.RELEASE.jar;C:\Users\JOSEMANUEL\.m2\repository\org\springframework\boot\spring-boot-starter\2.2.6.RELEASE\spring-boot-starter-2.2.6.RELEASE.jar;C:\Users\JOSEMANUEL\.m2\repository\org\springframework\boot\spring-boot-starter-logging\2.2.6.RELEASE\spring-boot-starter-logging-2.2.6.RELEASE.jar;C:\Users\JOSEMANUEL\.m2\repository\ch\qos\logback\logback-classic\1.2.3\logback-classic-1.2.3.jar;C:\Users\JOSEMANUEL\.m2\repository\ch\qos\logback\logback-core\1.2.3\logback-core-1.2.3.jar;C:\Users\JOSEMANUEL\.m2\repository\org\apache\logging\log4j\log4j-to-slf4j\2.12.1\log4j-to-slf4j-2.12.1.jar;C:\Users\JOSEMANUEL\.m2\repository\org\apache\logging\log4j\log4j-api\2.12.1\log4j-api-2.12.1.jar;C:\Users\JOSEMANUEL\.m2\repository\org\slf4j\jul-to-slf4j\1.7.30\jul-to-slf4j-1.7.30.jar;C:\Users\JOSEMANUEL\.m2\repository\jakarta\annotation\jakarta.annotation-api\1.3.5\jakarta.annotation-api-1.3.5.jar;C:\Users\JOSEMANUEL\.m2\repository\org\yaml\snakeyaml\1.25\snakeyaml-1.25.jar;C:\Users\JOSEMANUEL\.m2\repository\org\thymeleaf\thymeleaf-spring5\3.0.11.RELEASE\thymeleaf-spring5-3.0.11.RELEASE.jar;C:\Users\JOSEMANUEL\.m2\repository\org\thymeleaf\thymeleaf\3.0.11.RELEASE\thymeleaf-3.0.11.RELEASE.jar;C:\Users\JOSEMANUEL\.m2\repository\org\attoparser\attoparser\2.0.5.RELEASE\attoparser-2.0.5.RELEASE.jar;C:\Users\JOSEMANUEL\.m2\repository\org\unbescape\unbescape\1.1.6.RELEASE\unbescape-1.1.6.RELEASE.jar;C:\Users\JOSEMANUEL\.m2\repository\org\slf4j\slf4j-api\1.7.30\slf4j-api-1.7.30.jar;C:\Users\JOSEMANUEL\.m2\repository\org\thymeleaf\extras\thymeleaf-extras-java8time\3.0.4.RELEASE\thymeleaf-extras-java8time-3.0.4.RELEASE.jar;C:\Users\JOSEMANUEL\.m2\repository\org\springframework\boot\spring-boot-starter-web\2.2.6.RELEASE\spring-boot-starter-web-2.2.6.REL
Launcher Type: SUN_STANDARD

Environment Variables:
JAVA_HOME=C:\Program Files\Java\jdk1.8.0_91
PATH=C:/Program Files/Java/jre1.8.0_60/bin/server;C:/Program Files/Java/jre1.8.0_60/bin;C:/Program Files/Java/jre1.8.0_60/lib/amd64;C:\ProgramData\Oracle\Java\javapath;C:\Program Files (x86)\Intel\iCLS Client\;C:\Program Files\Intel\iCLS Client\;C:\WINDOWS\system32;C:\WINDOWS;C:\WINDOWS\System32\Wbem;C:\WINDOWS\System32\WindowsPowerShell\v1.0\;C:\Program Files\Intel\Intel(R) Management Engine Components\DAL;C:\Program Files\Intel\Intel(R) Management Engine Components\IPT;C:\Program Files (x86)\Intel\Intel(R) Management Engine Components\DAL;C:\Program Files (x86)\Intel\Intel(R) Management Engine Components\IPT;C:\Program Files (x86)\Skype\Phone\;C:\WINDOWS\System32\OpenSSH\;C:\Program Files\nodejs\;C:\Program Files\MongoDB\Server\4.2\bin;C:\Program Files\MySQL\MySQL Server 8.0\bin;C:\apache-maven-3.6.3\bin;C:\Program Files\RabbitMQ Server\rabbitmq_server-3.8.3\sbin;C:\Program Files\Git\cmd;C:\Users\JOSEMANUEL\AppData\Local\Microsoft\WindowsApps;C:\Users\JOSEMANUEL\AppData\Roaming\npm;C:\Users\JOSEMANUEL\AppData\Local\Programs\Microsoft VS Code\bin;C:\Program Files\heroku\bin;C:\Program Files\Docker Toolbox;C:\Program Files\Docker Toolbox;C:\Users\JOSEMANUEL\Desktop;
USERNAME=JOSEMANUEL
OS=Windows_NT
PROCESSOR_IDENTIFIER=Intel64 Family 6 Model 69 Stepping 1, GenuineIntel



---------------  S Y S T E M  ---------------

OS: Windows 10.0 , 64 bit Build 18362 (10.0.18362.778)

CPU:total 4 (2 cores per cpu, 2 threads per core) family 6 model 69 stepping 1, cmov, cx8, fxsr, mmx, sse, sse2, sse3, ssse3, sse4.1, sse4.2, popcnt, avx, avx2, aes, clmul, erms, lzcnt, ht, tsc, tscinvbit, bmi1, bmi2

Memory: 4k page, physical 12463768k(3868492k free), swap 16264856k(3468824k free)

vm_info: Java HotSpot(TM) 64-Bit Server VM (25.91-b15) for windows-amd64 JRE (1.8.0_91-b15), built on May 20 2016 17:43:15 by "java_re" with MS VC++ 10.0 (VS2010)

time: Fri May 29 23:29:58 2020
elapsed time: 19938 seconds (0d 5h 32m 18s)

